{
  "RSpec": {
    "coverage": {
      "/home/vivacious-engineer-4276/tic-tac-toe-rb-ruby-apply-000/lib/tic_tac_toe.rb": [
        null,
        1,
        null,
        null,
        null,
        null,
        null,
        null,
        null,
        null,
        1,
        1,
        8,
        8,
        8,
        8,
        8,
        null,
        null,
        1,
        6,
        null,
        null,
        1,
        5,
        5,
        null,
        null,
        1,
        252,
        null,
        null,
        1,
        0,
        0,
        null,
        0,
        null,
        null,
        null,
        1,
        6,
        3,
        null,
        3,
        null,
        null,
        null,
        1,
        3,
        3,
        3,
        3,
        2,
        null,
        1,
        null,
        3,
        null,
        null,
        1,
        2,
        2,
        18,
        5,
        null,
        null,
        2,
        null,
        null,
        1,
        1,
        1,
        null,
        0,
        null,
        null,
        null,
        1,
        65,
        422,
        null,
        null,
        null,
        null,
        null,
        1,
        135,
        null,
        null,
        1,
        22,
        7,
        15,
        9,
        6,
        2,
        null,
        null,
        null,
        1,
        11,
        null,
        null,
        1,
        3,
        2,
        2,
        2,
        null,
        null,
        null,
        1,
        12,
        0,
        null,
        12,
        4,
        8,
        2,
        null,
        null,
        null,
        null,
        null,
        null,
        null
      ]
    },
    "timestamp": 1598495489
  }
}
