{
  "RSpec": {
    "coverage": {
      "/home/vivacious-engineer-4276/tic-tac-toe-rb-ruby-apply-000/lib/tic_tac_toe.rb": [
        null,
        1,
        null,
        null,
        null,
        null,
        null,
        null,
        null,
        null,
        1,
        1,
        24,
        24,
        24,
        24,
        24,
        null,
        null,
        1,
        22,
        null,
        null,
        1,
        21,
        21,
        null,
        null,
        1,
        207,
        null,
        null,
        1,
        0,
        0,
        null,
        0,
        null,
        null,
        null,
        1,
        22,
        19,
        null,
        3,
        null,
        null,
        null,
        1,
        19,
        19,
        19,
        19,
        18,
        null,
        1,
        null,
        19,
        null,
        null,
        1,
        20,
        20,
        180,
        31,
        null,
        null,
        20,
        null,
        null,
        1,
        19,
        13,
        null,
        6,
        null,
        null,
        null,
        1,
        87,
        560,
        null,
        null,
        null,
        null,
        null,
        1,
        182,
        null,
        null,
        1,
        28,
        7,
        21,
        14,
        7,
        2,
        null,
        null,
        null,
        1,
        20,
        null,
        null,
        1,
        7,
        6,
        6,
        6,
        null,
        null,
        null,
        1,
        12,
        16,
        null,
        12,
        5,
        7,
        3,
        null,
        null,
        null,
        null,
        null,
        null,
        null
      ]
    },
    "timestamp": 1598496021
  }
}
